2026-05-12 16:01:47 [ERROR] Unauthorized access. Invalid admin credentials. - java.lang.Exception: Unauthorized access. Invalid admin credentials.
	at ticketsystem.ApplicationLayer.SystemAdminService.closeProductionCompanyByAdmin(SystemAdminService.java:159)

2026-05-12 16:01:47 [ERROR] Failed to connect to payment services. Please check your configuration. - java.lang.Exception: Failed to connect to payment services.
	at ticketsystem.ApplicationLayer.SystemAdminService.initSystem(SystemAdminService.java:63)

2026-05-12 16:01:47 [ERROR] Failed to connect to secure barcode services. - java.lang.Exception: Failed to connect to secure barcode services.
	at ticketsystem.ApplicationLayer.SystemAdminService.initSystem(SystemAdminService.java:70)

2026-05-12 16:01:47 [ERROR] No system admins found. Please create an admin account to initialize the system. - java.lang.Exception: No system admins found.
	at ticketsystem.ApplicationLayer.SystemAdminService.initSystem(SystemAdminService.java:56)

2026-05-12 17:22:27 [ERROR] Unauthorized access. Invalid admin credentials. - java.lang.Exception: Unauthorized access. Invalid admin credentials.
	at ticketsystem.ApplicationLayer.SystemAdminService.closeProductionCompanyByAdmin(SystemAdminService.java:161)

2026-05-12 17:22:27 [ERROR] Failed to connect to payment services. Please check your configuration. - java.lang.Exception: Failed to connect to payment services.
	at ticketsystem.ApplicationLayer.SystemAdminService.initSystem(SystemAdminService.java:65)

2026-05-12 17:22:27 [ERROR] Failed to connect to secure barcode services. - java.lang.Exception: Failed to connect to secure barcode services.
	at ticketsystem.ApplicationLayer.SystemAdminService.initSystem(SystemAdminService.java:72)

2026-05-12 17:22:27 [ERROR] No system admins found. Please create an admin account to initialize the system. - java.lang.Exception: No system admins found.
	at ticketsystem.ApplicationLayer.SystemAdminService.initSystem(SystemAdminService.java:58)

2026-05-12 18:11:08 [ERROR] Unauthorized access. Invalid admin credentials. - java.lang.Exception: Unauthorized access. Invalid admin credentials.
	at ticketsystem.ApplicationLayer.SystemAdminService.closeProductionCompanyByAdmin(SystemAdminService.java:166)

2026-05-12 18:11:08 [ERROR] Failed to connect to payment services. Please check your configuration. - java.lang.Exception: Failed to connect to payment services.
	at ticketsystem.ApplicationLayer.SystemAdminService.initSystem(SystemAdminService.java:70)

2026-05-12 18:11:08 [ERROR] Failed to connect to secure barcode services. - java.lang.Exception: Failed to connect to secure barcode services.
	at ticketsystem.ApplicationLayer.SystemAdminService.initSystem(SystemAdminService.java:77)

2026-05-12 18:11:08 [ERROR] No system admins found. Please create an admin account to initialize the system. - java.lang.Exception: No system admins found.
	at ticketsystem.ApplicationLayer.SystemAdminService.initSystem(SystemAdminService.java:63)

2026-05-12 18:12:27 [ERROR] Unauthorized access. Invalid admin credentials. - java.lang.Exception: Unauthorized access. Invalid admin credentials.
	at ticketsystem.ApplicationLayer.SystemAdminService.closeProductionCompanyByAdmin(SystemAdminService.java:166)

2026-05-12 18:12:27 [ERROR] Failed to connect to payment services. Please check your configuration. - java.lang.Exception: Failed to connect to payment services.
	at ticketsystem.ApplicationLayer.SystemAdminService.initSystem(SystemAdminService.java:70)

2026-05-12 18:12:27 [ERROR] Failed to connect to secure barcode services. - java.lang.Exception: Failed to connect to secure barcode services.
	at ticketsystem.ApplicationLayer.SystemAdminService.initSystem(SystemAdminService.java:77)

2026-05-12 18:12:27 [ERROR] No system admins found. Please create an admin account to initialize the system. - java.lang.Exception: No system admins found.
	at ticketsystem.ApplicationLayer.SystemAdminService.initSystem(SystemAdminService.java:63)

2026-05-13 11:52:14 [ERROR] Unauthorized access. Invalid admin credentials. - java.lang.Exception: Unauthorized access. Invalid admin credentials.
	at ticketsystem.ApplicationLayer.SystemAdminService.closeProductionCompanyByAdmin(SystemAdminService.java:166)

2026-05-13 11:52:14 [ERROR] Failed to connect to payment services. Please check your configuration. - java.lang.Exception: Failed to connect to payment services.
	at ticketsystem.ApplicationLayer.SystemAdminService.initSystem(SystemAdminService.java:70)

2026-05-13 11:52:14 [ERROR] Failed to connect to secure barcode services. - java.lang.Exception: Failed to connect to secure barcode services.
	at ticketsystem.ApplicationLayer.SystemAdminService.initSystem(SystemAdminService.java:77)

2026-05-13 11:52:14 [ERROR] No system admins found. Please create an admin account to initialize the system. - java.lang.Exception: No system admins found.
	at ticketsystem.ApplicationLayer.SystemAdminService.initSystem(SystemAdminService.java:63)

2026-05-12 23:10:09 [ERROR] Unauthorized access. Invalid admin credentials. - java.lang.Exception: Unauthorized access. Invalid admin credentials.
	at ticketsystem.ApplicationLayer.SystemAdminService.closeProductionCompanyByAdmin(SystemAdminService.java:168)

2026-05-12 23:10:09 [ERROR] Failed to connect to payment services. Please check your configuration. - java.lang.Exception: Failed to connect to payment services.
	at ticketsystem.ApplicationLayer.SystemAdminService.initSystem(SystemAdminService.java:72)

2026-05-12 23:10:09 [ERROR] Failed to connect to secure barcode services. - java.lang.Exception: Failed to connect to secure barcode services.
	at ticketsystem.ApplicationLayer.SystemAdminService.initSystem(SystemAdminService.java:79)

2026-05-12 23:10:09 [ERROR] No system admins found. Please create an admin account to initialize the system. - java.lang.Exception: No system admins found.
	at ticketsystem.ApplicationLayer.SystemAdminService.initSystem(SystemAdminService.java:65)

